SF:/app/implants/lib/eldritch/stdlib/tests/src/lib.rs
FN:83,_RNvNtCs3y4g5VakNeB_21eldritch_stdlib_tests5tests13run_tome_test
FN:25,_RNvNtCs3y4g5VakNeB_21eldritch_stdlib_tests5tests18register_fake_libs
FN:36,_RNvNtCs3y4g5VakNeB_21eldritch_stdlib_tests5tests21register_default_libs
FN:45,_RNvNtCs3y4g5VakNeB_21eldritch_stdlib_tests5testss_14test_all_tomes
FN:76,_RNCNvNtCs3y4g5VakNeB_21eldritch_stdlib_tests5testss_14test_all_tomes0B5_
FNDA:31,_RNvNtCs3y4g5VakNeB_21eldritch_stdlib_tests5tests13run_tome_test
FNDA:31,_RNvNtCs3y4g5VakNeB_21eldritch_stdlib_tests5tests18register_fake_libs
FNDA:31,_RNvNtCs3y4g5VakNeB_21eldritch_stdlib_tests5tests21register_default_libs
FNDA:1,_RNvNtCs3y4g5VakNeB_21eldritch_stdlib_tests5testss_14test_all_tomes
FNDA:0,_RNCNvNtCs3y4g5VakNeB_21eldritch_stdlib_tests5testss_14test_all_tomes0B5_
FNF:5
FNH:4
DA:25,31
DA:26,31
DA:27,31
DA:28,31
DA:29,31
DA:30,31
DA:31,31
DA:32,31
DA:33,31
DA:34,31
DA:36,31
DA:38,31
DA:39,31
DA:40,31
DA:41,31
DA:42,31
DA:45,1
DA:46,1
DA:47,1
DA:49,1
DA:50,1
DA:52,1
DA:54,32
DA:55,31
DA:56,31
DA:57,31
DA:58,31
DA:60,31
DA:61,0
DA:62,0
DA:63,0
DA:64,0
DA:65,0
DA:66,0
DA:67,31
DA:70,1
DA:71,0
DA:72,0
DA:73,0
DA:74,0
DA:75,0
DA:76,0
DA:77,0
DA:79,1
DA:80,1
DA:81,1
DA:83,31
DA:84,31
DA:85,31
DA:87,31
DA:88,0
DA:89,0
DA:90,31
DA:92,31
DA:93,31
DA:95,31
DA:97,31
DA:98,31
DA:99,31
DA:103,31
DA:104,31
DA:105,58
DA:107,36
DA:108,11
DA:109,25
DA:111,1
DA:112,24
DA:113,1
DA:115,23
DA:116,23
DA:117,8
DA:122,3
DA:123,1
DA:124,1
DA:127,36
DA:129,9
DA:130,31
DA:131,31
DA:133,31
DA:134,31
DA:135,0
DA:137,31
BRF:0
BRH:0
LF:83
LH:66
end_of_record